<?xml version="1.0" encoding="UTF-8"?>
<testng-results skipped="0" failed="0" ignored="0" total="1" passed="1">
  <reporter-output>
  </reporter-output>
  <suite name="Suite1" duration-ms="169342" started-at="2020-09-18T20:25:25Z" finished-at="2020-09-18T20:28:14Z">
    <groups>
    </groups>
    <test name="test1" duration-ms="169342" started-at="2020-09-18T20:25:25Z" finished-at="2020-09-18T20:28:14Z">
      <class name="com.newtours.test.BookFlightTest">
        <test-method status="PASS" signature="setupdriver(java.lang.String)[pri:0, instance:com.newtours.test.BookFlightTest@7b227d8d]" name="setupdriver" is-config="true" duration-ms="160909" started-at="2020-09-19T01:55:25Z" finished-at="2020-09-19T01:58:06Z">
          <params>
            <param index="0">
              <value>
                <![CDATA[java]]>
              </value>
            </param>
          </params>
          <reporter-output>
          </reporter-output>
        </test-method> <!-- setupdriver -->
        <test-method status="PASS" signature="registrationPage()[pri:0, instance:com.newtours.test.BookFlightTest@7b227d8d]" name="registrationPage" duration-ms="85" started-at="2020-09-19T01:58:06Z" finished-at="2020-09-19T01:58:06Z">
          <reporter-output>
          </reporter-output>
        </test-method> <!-- registrationPage -->
        <test-method status="PASS" signature="teardown()[pri:0, instance:com.newtours.test.BookFlightTest@7b227d8d]" name="teardown" is-config="true" duration-ms="8236" started-at="2020-09-19T01:58:06Z" finished-at="2020-09-19T01:58:14Z">
          <reporter-output>
          </reporter-output>
        </test-method> <!-- teardown -->
      </class> <!-- com.newtours.test.BookFlightTest -->
    </test> <!-- test1 -->
  </suite> <!-- Suite1 -->
</testng-results>
